<?xml version="1.0" encoding="UTF-8"?>
<testsuite name="org.bedu.java.backend.sesion3.CalculadoraSumaTest" tests="1" skipped="0" failures="0" errors="0" timestamp="2023-10-14T21:54:26" hostname="WINDOW" time="0.014">
  <properties/>
  <testcase name="Prueba suma" classname="org.bedu.java.backend.sesion3.CalculadoraSumaTest" time="0.014"/>
  <system-out><![CDATA[]]></system-out>
  <system-err><![CDATA[]]></system-err>
</testsuite>
