<?xml version="1.0" encoding="UTF-8"?>
<testsuite name="org.bedu.java.backend.sesion4ejercicio1.Sesion4Ejercicio1ApplicationTests" tests="1" skipped="0" failures="0" errors="0" timestamp="2023-10-17T12:53:57" hostname="WINDOW" time="0.359">
  <properties/>
  <testcase name="contextLoads()" classname="org.bedu.java.backend.sesion4ejercicio1.Sesion4Ejercicio1ApplicationTests" time="0.359"/>
  <system-out><![CDATA[07:53:53.154 [Test worker] DEBUG org.springframework.test.context.BootstrapUtils - Instantiating CacheAwareContextLoaderDelegate from class [org.springframework.test.context.cache.DefaultCacheAwareContextLoaderDelegate]
07:53:53.173 [Test worker] DEBUG org.springframework.test.context.BootstrapUtils - Instantiating BootstrapContext using constructor [public org.springframework.test.context.support.DefaultBootstrapContext(java.lang.Class,org.springframework.test.context.CacheAwareContextLoaderDelegate)]
07:53:53.222 [Test worker] DEBUG org.springframework.test.context.BootstrapUtils - Instantiating TestContextBootstrapper for test class [org.bedu.java.backend.sesion4ejercicio1.Sesion4Ejercicio1ApplicationTests] from class [org.springframework.boot.test.context.SpringBootTestContextBootstrapper]
07:53:53.241 [Test worker] INFO org.springframework.boot.test.context.SpringBootTestContextBootstrapper - Neither @ContextConfiguration nor @ContextHierarchy found for test class [org.bedu.java.backend.sesion4ejercicio1.Sesion4Ejercicio1ApplicationTests], using SpringBootContextLoader
07:53:53.246 [Test worker] DEBUG org.springframework.test.context.support.AbstractContextLoader - Did not detect default resource location for test class [org.bedu.java.backend.sesion4ejercicio1.Sesion4Ejercicio1ApplicationTests]: class path resource [org/bedu/java/backend/sesion4ejercicio1/Sesion4Ejercicio1ApplicationTests-context.xml] does not exist
07:53:53.246 [Test worker] DEBUG org.springframework.test.context.support.AbstractContextLoader - Did not detect default resource location for test class [org.bedu.java.backend.sesion4ejercicio1.Sesion4Ejercicio1ApplicationTests]: class path resource [org/bedu/java/backend/sesion4ejercicio1/Sesion4Ejercicio1ApplicationTestsContext.groovy] does not exist
07:53:53.246 [Test worker] INFO org.springframework.test.context.support.AbstractContextLoader - Could not detect default resource locations for test class [org.bedu.java.backend.sesion4ejercicio1.Sesion4Ejercicio1ApplicationTests]: no resource found for suffixes {-context.xml, Context.groovy}.
07:53:53.248 [Test worker] INFO org.springframework.test.context.support.AnnotationConfigContextLoaderUtils - Could not detect default configuration classes for test class [org.bedu.java.backend.sesion4ejercicio1.Sesion4Ejercicio1ApplicationTests]: Sesion4Ejercicio1ApplicationTests does not declare any static, non-private, non-final, nested classes annotated with @Configuration.
07:53:53.317 [Test worker] DEBUG org.springframework.test.context.support.ActiveProfilesUtils - Could not find an 'annotation declaring class' for annotation type [org.springframework.test.context.ActiveProfiles] and class [org.bedu.java.backend.sesion4ejercicio1.Sesion4Ejercicio1ApplicationTests]
07:53:53.415 [Test worker] DEBUG org.springframework.context.annotation.ClassPathScanningCandidateComponentProvider - Identified candidate component class: file [D:\Mis documentos\Escritorio\sesion4-ejercicio1\sesion4-ejercicio1\build\classes\java\main\org\bedu\java\backend\sesion4ejercicio1\Sesion4Ejercicio1Application.class]
07:53:53.417 [Test worker] INFO org.springframework.boot.test.context.SpringBootTestContextBootstrapper - Found @SpringBootConfiguration org.bedu.java.backend.sesion4ejercicio1.Sesion4Ejercicio1Application for test class org.bedu.java.backend.sesion4ejercicio1.Sesion4Ejercicio1ApplicationTests
07:53:53.571 [Test worker] DEBUG org.springframework.boot.test.context.SpringBootTestContextBootstrapper - @TestExecutionListeners is not present for class [org.bedu.java.backend.sesion4ejercicio1.Sesion4Ejercicio1ApplicationTests]: using defaults.
07:53:53.572 [Test worker] INFO org.springframework.boot.test.context.SpringBootTestContextBootstrapper - Loaded default TestExecutionListener class names from location [META-INF/spring.factories]: [org.springframework.boot.test.autoconfigure.restdocs.RestDocsTestExecutionListener, org.springframework.boot.test.autoconfigure.web.client.MockRestServiceServerResetTestExecutionListener, org.springframework.boot.test.autoconfigure.web.servlet.MockMvcPrintOnlyOnFailureTestExecutionListener, org.springframework.boot.test.autoconfigure.web.servlet.WebDriverTestExecutionListener, org.springframework.boot.test.autoconfigure.webservices.client.MockWebServiceServerTestExecutionListener, org.springframework.boot.test.mock.mockito.MockitoTestExecutionListener, org.springframework.boot.test.mock.mockito.ResetMocksTestExecutionListener, org.springframework.test.context.web.ServletTestExecutionListener, org.springframework.test.context.support.DirtiesContextBeforeModesTestExecutionListener, org.springframework.test.context.event.ApplicationEventsTestExecutionListener, org.springframework.test.context.support.DependencyInjectionTestExecutionListener, org.springframework.test.context.support.DirtiesContextTestExecutionListener, org.springframework.test.context.transaction.TransactionalTestExecutionListener, org.springframework.test.context.jdbc.SqlScriptsTestExecutionListener, org.springframework.test.context.event.EventPublishingTestExecutionListener]
07:53:53.597 [Test worker] DEBUG org.springframework.boot.test.context.SpringBootTestContextBootstrapper - Skipping candidate TestExecutionListener [org.springframework.test.context.transaction.TransactionalTestExecutionListener] due to a missing dependency. Specify custom listener classes or make the default listener classes and their required dependencies available. Offending class: [org/springframework/transaction/interceptor/TransactionAttributeSource]
07:53:53.597 [Test worker] DEBUG org.springframework.boot.test.context.SpringBootTestContextBootstrapper - Skipping candidate TestExecutionListener [org.springframework.test.context.jdbc.SqlScriptsTestExecutionListener] due to a missing dependency. Specify custom listener classes or make the default listener classes and their required dependencies available. Offending class: [org/springframework/transaction/interceptor/TransactionAttribute]
07:53:53.598 [Test worker] INFO org.springframework.boot.test.context.SpringBootTestContextBootstrapper - Using TestExecutionListeners: [org.springframework.test.context.web.ServletTestExecutionListener@1cd201a8, org.springframework.test.context.support.DirtiesContextBeforeModesTestExecutionListener@7db82169, org.springframework.test.context.event.ApplicationEventsTestExecutionListener@1992eaf4, org.springframework.boot.test.mock.mockito.MockitoTestExecutionListener@f74e835, org.springframework.boot.test.autoconfigure.SpringBootDependencyInjectionTestExecutionListener@3276732, org.springframework.test.context.support.DirtiesContextTestExecutionListener@3f28bd56, org.springframework.test.context.event.EventPublishingTestExecutionListener@31e3250d, org.springframework.boot.test.autoconfigure.restdocs.RestDocsTestExecutionListener@19fe4644, org.springframework.boot.test.autoconfigure.web.client.MockRestServiceServerResetTestExecutionListener@21d8bcbe, org.springframework.boot.test.autoconfigure.web.servlet.MockMvcPrintOnlyOnFailureTestExecutionListener@5be067de, org.springframework.boot.test.autoconfigure.web.servlet.WebDriverTestExecutionListener@7383eae2, org.springframework.boot.test.autoconfigure.webservices.client.MockWebServiceServerTestExecutionListener@18245eb0, org.springframework.boot.test.mock.mockito.ResetMocksTestExecutionListener@7c7d3c46]
07:53:53.603 [Test worker] DEBUG org.springframework.test.context.support.AbstractDirtiesContextTestExecutionListener - Before test class: context [DefaultTestContext@267f474e testClass = Sesion4Ejercicio1ApplicationTests, testInstance = [null], testMethod = [null], testException = [null], mergedContextConfiguration = [WebMergedContextConfiguration@7a7471ce testClass = Sesion4Ejercicio1ApplicationTests, locations = '{}', classes = '{class org.bedu.java.backend.sesion4ejercicio1.Sesion4Ejercicio1Application}', contextInitializerClasses = '[]', activeProfiles = '{}', propertySourceLocations = '{}', propertySourceProperties = '{org.springframework.boot.test.context.SpringBootTestContextBootstrapper=true}', contextCustomizers = set[org.springframework.boot.test.autoconfigure.actuate.metrics.MetricsExportContextCustomizerFactory$DisableMetricExportContextCustomizer@8ad6665, org.springframework.boot.test.autoconfigure.properties.PropertyMappingContextCustomizer@0, org.springframework.boot.test.autoconfigure.web.servlet.WebDriverContextCustomizerFactory$Customizer@71812481, org.springframework.boot.test.context.filter.ExcludeFilterContextCustomizer@6155d082, org.springframework.boot.test.json.DuplicateJsonObjectContextCustomizerFactory$DuplicateJsonObjectContextCustomizer@2dcd168a, org.springframework.boot.test.mock.mockito.MockitoContextCustomizer@0, org.springframework.boot.test.web.client.TestRestTemplateContextCustomizer@503ecb24, org.springframework.boot.test.context.SpringBootTestArgs@1, org.springframework.boot.test.context.SpringBootTestWebEnvironment@1e683a3e], resourceBasePath = 'src/main/webapp', contextLoader = 'org.springframework.boot.test.context.SpringBootContextLoader', parent = [null]], attributes = map['org.springframework.test.context.web.ServletTestExecutionListener.activateListener' -> true]], class annotated with @DirtiesContext [false] with mode [null].

  .   ____          _            __ _ _
 /\\ / ___'_ __ _ _(_)_ __  __ _ \ \ \ \
( ( )\___ | '_ | '_| | '_ \/ _` | \ \ \ \
 \\/  ___)| |_)| | | | | || (_| |  ) ) ) )
  '  |____| .__|_| |_|_| |_\__, | / / / /
 =========|_|==============|___/=/_/_/_/
 :: Spring Boot ::               (v2.7.16)

2023-10-17 07:53:54.119  INFO 4288 --- [    Test worker] .j.b.s.Sesion4Ejercicio1ApplicationTests : Starting Sesion4Ejercicio1ApplicationTests using Java 21 on Window with PID 4288 (started by User in D:\Mis documentos\Escritorio\sesion4-ejercicio1\sesion4-ejercicio1)
2023-10-17 07:53:54.121  INFO 4288 --- [    Test worker] .j.b.s.Sesion4Ejercicio1ApplicationTests : No active profile set, falling back to 1 default profile: "default"
2023-10-17 07:53:57.085  INFO 4288 --- [    Test worker] .j.b.s.Sesion4Ejercicio1ApplicationTests : Started Sesion4Ejercicio1ApplicationTests in 3.415 seconds (JVM running for 5.494)
]]></system-out>
  <system-err><![CDATA[]]></system-err>
</testsuite>
